
Showing logs for build [32mcb-kubecd-environment-pr-1408-3-l8n8d-1[0m stage [32mfrom-build-pack[0m and container [32mstep-credential-initializer-4xtx7[0m
{"level":"warn","ts":1586958729.4932501,"logger":"fallback-logger","caller":"logging/config.go:69","msg":"Fetch GitHub commit ID from kodata failed: \"ref: refs/heads/0.8.0-**-support-backwards-incompats\" is not a valid GitHub commit ID"}
{"level":"info","ts":1586958729.494739,"logger":"fallback-logger","caller":"creds-init/main.go:40","msg":"Credentials initialized."}

Showing logs for build [32mcb-kubecd-environment-pr-1408-3-l8n8d-1[0m stage [32mfrom-build-pack[0m and container [32mstep-working-dir-initializer-fkjqs[0m
{"level":"warn","ts":1586958730.3153045,"logger":"fallback-logger","caller":"logging/config.go:69","msg":"Fetch GitHub commit ID from kodata failed: open /var/run/ko/HEAD: no such file or directory"}
{"level":"info","ts":1586958730.3167822,"logger":"fallback-logger","caller":"bash/main.go:64","msg":"Successfully executed command \"sh -c mkdir -p /workspace/source\"; output "}

Showing logs for build [32mcb-kubecd-environment-pr-1408-3-l8n8d-1[0m stage [32mfrom-build-pack[0m and container [32mstep-place-tools[0m

Showing logs for build [32mcb-kubecd-environment-pr-1408-3-l8n8d-1[0m stage [32mfrom-build-pack[0m and container [32mstep-git-source-cb-kubecd-environment-pr-1408-3-l8n8d-2qv9q[0m
{"level":"warn","ts":1586958736.46306,"logger":"fallback-logger","caller":"logging/config.go:69","msg":"Fetch GitHub commit ID from kodata failed: \"ref: refs/heads/0.8.0-**-support-backwards-incompats\" is not a valid GitHub commit ID"}
{"level":"info","ts":1586958737.500059,"logger":"fallback-logger","caller":"git/git.go:103","msg":"Successfully cloned https://github.com/cb-kubecd/environment-pr-1408-3-bdd-frontend-staging.git @ master in path /workspace/source"}

Showing logs for build [32mcb-kubecd-environment-pr-1408-3-l8n8d-1[0m stage [32mfrom-build-pack[0m and container [32mstep-git-merge[0m
Using SHAs from PULL_REFS=master:7b04c6e0eaf0fd2fd527a5039788ac122b1cf0fc,1:dacc4bf03a69649641ac17d25a4ae82e0c7d289c
DEBUG: LC_ALL=C JX_LOG_LEVEL=error git fetch origin --unshallow dacc4bf03a69649641ac17d25a4ae82e0c7d289c: 7b04c6e0eaf0fd2fd527a5039788ac122b1cf0fc:
DEBUG: ran git fetch --unshallow origin dacc4bf03a69649641ac17d25a4ae82e0c7d289c: 7b04c6e0eaf0fd2fd527a5039788ac122b1cf0fc: in 
DEBUG: LC_ALL=C JX_LOG_LEVEL=error git branch
DEBUG: LC_ALL=C JX_LOG_LEVEL=error git checkout master
DEBUG: ran git checkout master in 
DEBUG: LC_ALL=C JX_LOG_LEVEL=error git reset --hard 7b04c6e0eaf0fd2fd527a5039788ac122b1cf0fc
DEBUG: ran git reset --hard 7b04c6e0eaf0fd2fd527a5039788ac122b1cf0fc in 
DEBUG: LC_ALL=C JX_LOG_LEVEL=error git clean -fd .
DEBUG: ran clean --force -d . in 
DEBUG: JX_LOG_LEVEL=error LC_ALL=C git merge dacc4bf03a69649641ac17d25a4ae82e0c7d289c
DEBUG: ran git merge dacc4bf03a69649641ac17d25a4ae82e0c7d289c in 
DEBUG: LC_ALL=C JX_LOG_LEVEL=error git log --format=%H%x1f%an%x1f%ae%x1f%cn%x1f%ce%x1f%s%n%b%x1e 7b04c6e0eaf0fd2fd527a5039788ac122b1cf0fc..HEAD
Merged SHA dacc4bf03a69649641ac17d25a4ae82e0c7d289c with commit message 'chore: Promote bdd-nh-1586957752 to version 0.0.1' into base branch master

Showing logs for build [32mcb-kubecd-environment-pr-1408-3-l8n8d-1[0m stage [32mfrom-build-pack[0m and container [32mstep-build-helm-build[0m
WARNING: No $CHART_REPOSITORY defined so using the default value of: http://jenkins-x-chartmuseum:8080
Adding missing Helm repo: storage.googleapis.com https://storage.googleapis.com/chartmuseum.jenkins-x.io
WARNING: No secrets found on "helm/repos" due: reading the secret "helm/repos" from vault: no secret "helm/repos" not found in vault
Read credentials for https://storage.googleapis.com/chartmuseum.jenkins-x.io from vault helm/repos
Successfully added Helm repository storage.googleapis.com.
Adding missing Helm repo: jenkins-x-chartmuseum http://jenkins-x-chartmuseum:8080
WARNING: No secrets found on "helm/repos" due: reading the secret "helm/repos" from vault: no secret "helm/repos" not found in vault
Read credentials for http://jenkins-x-chartmuseum:8080 from vault helm/repos
Successfully added Helm repository jenkins-x-chartmuseum.
WARNING: No $CHART_REPOSITORY defined so using the default value of: http://jenkins-x-chartmuseum:8080
Adding missing Helm repo: chartmuseum.jenkins-x.io http://chartmuseum.jenkins-x.io
WARNING: No secrets found on "helm/repos" due: reading the secret "helm/repos" from vault: no secret "helm/repos" not found in vault
Read credentials for http://chartmuseum.jenkins-x.io from vault helm/repos
Successfully added Helm repository chartmuseum.jenkins-x.io.
